{"project_id": "Alacritty", "bug_id": "4", "source_type": "github", "confidence": 0.4, "label": "Other", "llm_input_text": "[Title]: Sometimes reading from pty doesn't trigger a draw\n[Symptom]:\nSeems to have happened since the last major refactor.\n"}
{"project_id": "Alacritty", "bug_id": "11", "source_type": "github", "confidence": 0.8, "label": "Algorithm :: Calculation Error (CWE-682)", "llm_input_text": "[Title]: alacritty does not draw background color for (some) invisible characters\n[Symptom]:\nFor example in htop.\r\n[Image: alacritty_bg_example]\r\nEasily visible in this command:\r\n```zsh\r\nyes \"$(seq 16 231)\" | while read i; do printf \"\\x1b[48;5;${i}m\\n\"; sleep .02; done\r\n```\r\nbecause it is entirely invisible in alacritty, but visible in other terminal emulators\n\n[Context/Logs]:\n- Thanks for the report! This should be relatively easy to fix as soon as I can make some time.\n- @jwilm Duplicate issue #123 logged. Hopefully this will provide some extra testing scenarios.\r\n\r\nWould it be possible to point to the general direction where this sort of thing is handled in the alacritty codebase? Maybe as a beginner task that is easy to fix?\n- ... [Middle Discussions Snipped for Brevity] ...\n- Actually the gif I posted above explains this quite nicely. You can see the `linefeed` debug being printed out even though nothing new is really being rendered. Could this bit of code be to do with moving at all - rather than just rendering \"new\" things on screen?\r\n\r\nEDIT: I think it may be easier to see this and find the code responsible with a step through debugger. I'm heading off for a little bit now - but maybe by the time I get back somebody would've beat me to the bug fix :P\r\n\r\nEDIT EDIT: I'm going to throw a guess out there and say that the easiest place to fix this would be the renderer? Although it would be more desirable to fix it further up the chain where it is easier to unit test. Commenting out loud here :)\n- @CarwynNelson ~~I think I've managed to fix it here: [URL]\r\n\r\nWould you mind trying this commit before I make a PR? ðŸ˜ƒ \r\nAt the moment I'm only fixing '\\t' and '\\n' any other white space chars I should fix?\r\n\r\nEDIT: sorry, some issue with normal linefeed"}
{"project_id": "Alacritty", "bug_id": "15", "source_type": "github", "confidence": 0.85, "label": "Checking :: Boundary/Buffer (CWE-119)", "llm_input_text": "[Title]: thread 'main' panicked at 'index 50 out of range for slice of length 48', /checkout/src/libcore/slice.rs:578\n[Symptom]:\n```\nRUST_BACKTRACE=1 alacritty\r\nthread 'main' panicked at 'index 50 out of range for slice of length 48', /checkout/src/libcore/slice.rs:578\r\nstack backtrace:\r\n   0:  \r\n   1:  \r\n... [Log Snipped] ...\n  14: __libc_start_main\r\n  15:  \n```\r\n\r\nArch Linux, `alacritty-git`, happens with both rust stable and nightly from rustup.\n\n[Context/Logs]:\n- I am running into the same problem, it seems to crash in glyph loading :\r\n\r\n```\n7:       - core::slice::slice_index_len_fail::h32dba95666464c4a\r\n                        at /buildslave/rust-buildbot/slave/stable-dist-rustc-linux/build/src/libcore/slice.rs:578\r\n   8:       - font::ft::FreeTypeRasterizer::get_rendered_glyph::h4dec5f9eab2e4824\r\n                        at /buildslave/rust-buildbot/slave/stable-dist-rustc-linux/build/src/libcore/slice.rs:709\r\n                        at /buildslave/rust-buildbot/slave/stable-dist-rustc-linux/build/src/libcore/slice.rs:560\r\n... [Log Snipped] ...\n                        at /home/jc/.local/src/alacritty/font/src/ft/mod.rs:85\r\n  11:       - alacritty::display::Display::new::h59275a39cc7a9c46\n```\r\n\r\nI tried to do a `git bisect` on this, and I found that   is responsible. But this commit does not build : \r\n\r\n```\nCompiling font v0.1.0 (file:///home/jc/.local/src/alacritty/font)\r\nerror: this file contains an un-closed delimiter\r\n   --> font/src/ft/list_fonts.rs:587:2\r\n    |\r\n587 | \r\n... [Log Snipped] ...\n\r\nerror: Could not compile `font`.\n```\n- @gutigen, you still can use 28700ed for the moment but I don't know how to tell it to AUR.\n- ... [Middle Discussions Snipped for Brevity] ...\n- Was testing out Alacritty earlier today and ran into this. Built from master (using Rust 1.16.0), running on Arch Linux, and it only happens when I set the font size to something smaller than `10.0` (though the \"breaking point\" appears to be at `9.5` but I initially wanted to set it to `9.0`).\n- You've got what may be a duplicate bug here: #185 \r\n\r\nI'll cross-post some digging I did (seems to have to do with pitch and width calculations, and perhaps width being larger than pitch?):\r\n\r\nI've run into this issue as well (specifically the 'index 68 out of range for slice of length 64' version of the panic). Here is some gdb info at the point where the panic occurs in font/src/mod.rs:\r\n```\n(gdb) next\r\n212             let mut packed = Vec::with_capacity((bitmap.rows() * bitmap.width()) as usize);\r\n(gdb)\r\n213             for i in 0..bitmap.rows() {\r\n(gdb)\r\n... [Log Snipped] ...\nglyph_key =  \r\nhave_recursed = true\n```\r\nNote that pitch = 4, while the difference between start and end (i.e. bitmap.width()) is 8. On our last iteration, we end up here (some variables omitted):\r\n```\r\n(gdb) info locals\r\nstop = 68\r\nstart = 60\r\ni = 15\r\niter = core::ops::Range  {start: 16, end: 16}\r\npitch = 4\r\nbuf = &[u8] {data_ptr:   \"\\000\", length: 64}\r\nc = 127 '\\x7f'\r\n```\r\nNot sure how best to fix it. My stopgap is to replace line 216 in mod.rs with:\r\n```\r\nlet stop = cmp::min(buf.len() as usize, start + bitmap.width() as usize);\r\n```\r\n...but I'm sure there's a better way. Let me know if there is any other info from the trace you need."}
{"project_id": "Alacritty", "bug_id": "18", "source_type": "github", "confidence": 0.85, "label": "Checking :: Boundary/Buffer (CWE-119)", "llm_input_text": "[Title]: Problem loading fonts\n[Symptom]:\nHello, I am trying to use this font: [Link: ypn envypn]\r\n\r\nMy configuration looks like this:\r\n\r\n```\nyml\r\nfont:\r\n  normal:\r\n    family: ypn envypn \r\n  bold:\r\n... [Log Snipped] ...\n    y: 0.0\r\n  use_thin_strokes: false\n```\r\n\r\nBut i get the following error:\r\n\r\n```bash\r\nthread 'main' panicked at 'index out of bounds: the len is 0 but the index is 0', src/libcollections/vec.rs:1431\r\nnote: Run with `RUST_BACKTRACE=1` for a backtrace.\r\n```\r\n\r\nDid i miss something? I tried to adjust the size and the offset to see if there would be any difference but it's the same, is this a bug?\n\n[Context/Logs]:\n- Hmm, would you mind running this again with `RUST_BACKTRACE=1 alacritty`? Hard to say what the problem is with the short error.\n- I think that this might be fixed with #590. At least for me, I got the same error when I tried to use bitmap fonts before that was merged. But now it seems to be working nicely :)\n- ... [Middle Discussions Snipped for Brevity] ...\n- [Link: Tamzen] used with `Tamzen for Powerline` works with `size: 9.0` but nothing else\n- I've managed to fix this problem in pull request #776, more testers are welcomed."}
{"project_id": "Alacritty", "bug_id": "26", "source_type": "github", "confidence": 0.85, "label": "Assignment :: Type/Cast Error (CWE-704)", "llm_input_text": "[Title]: scrollback: thread 'pty reader' panicked at 'attempt to subtract with overflow', src/index.rs:168:28\n[Symptom]:\nalacritty @ scrollback , 8e8ecdd, debug build \r\n\r\n\r\n```\n`\r\nRUST_BACKTRACE=full target/debug/alacritty  -vvvvvvvvvvvvvv\r\n...\r\n[unhandled] execute byte=06\r\n[unhandled] execute byte=1f\r\n... [Log Snipped] ...\n  19:       - _start\r\n  20:                0x0 -  \n````\r\n\r\nin the new debug alacritty window:\r\n````\r\ncat /dev/urandom\r\n[prints random chars]\r\nwait until crash\r\n````\n\n[Context/Logs]:\n- This probably only happens in alacritty verbose mode.\n- I can reproduce it both with and without verbose output. However it only happens in debug mode for me, not in release mode.\r\n\r\nI'll be looking into it, thanks for the report.\n- This bug's origin is [Link: here] and can be reproduced by running `printf '\\e[1000L'`. I'll look into writing up a quick fix."}
{"project_id": "Alacritty", "bug_id": "29", "source_type": "github", "confidence": 0.8, "label": "Interface :: API Misuse (CWE-628)", "llm_input_text": "[Title]: Terminal alternate mode is toggled, not set.\n[Symptom]:\nTry running `tput smcup` or `tput rmcup`. Both do the same thing. **Toggle** alternate mode.\r\n\r\n`smcup` is supposed to activate, and `rmcup` disable.\n"}
{"project_id": "Alacritty", "bug_id": "30", "source_type": "github", "confidence": 0.7, "label": "Algorithm :: Calculation Error (CWE-682)", "llm_input_text": "[Title]: Touchpad scrolling is janky\n[Symptom]:\nI don't know exactly what's going on, but when I scroll with the touchpad it requires me to scroll a lot before it will even register, and then it scrolls a ton at once.\n\n[Context/Logs]:\n- According to hwinfo it's a \"ETPS/2 Elantech Touchpad\", if that helps at all\n- Could you run alacritty with `alacritty --print-events`, try scrolling, and pastebin the log? My initial guess is that we are getting funny data out of winit.\n- ... [Middle Discussions Snipped for Brevity] ...\n- 8a65870 fixes this. I'm unfamiliar both with Rust and with alacritty's structure, so this is indubitably the wrong way to do it (the state is getting passed all over the place, I used terrible names, and it's largely just a result of changing stuff until the compiler was happy without really knowing what I was doing). A review of how I should have done this would be very welcome :)\n- @lheckemann not a new issue, but I don't think a lot of people were likely to encounter it. It requires running x11 on a laptop with a trackpad that generates fractional line deltas in an application that supports scrolling with someone who uses the mouse in terminal. Probably why is hasn't been reported until recently.\r\n\r\nLove that you've put together a patch for it! I would be happy to provide feedback. Would you mind putting up a PR so we can use the GitHub review tool on it?"}
{"project_id": "Closure", "bug_id": "1", "source_type": "google", "confidence": 0.85, "label": "Build :: Configuration (CWE-16)", "llm_input_text": "[Title]: JSC_REFERENCE_BEFORE_DECLARE - spurious warnings\n[Symptom]:\nCompile this code with [URL]\r\n--------------------------------------------\r\n// ==ClosureCompiler==\r\n// @compilation_level ADVANCED_OPTIMIZATIONS\r\n// @formatting pretty_print\r\n// ==/ClosureCompiler==\r\n\r\nalert(Foo());\r\n\r\nfunction Foo()\r\n{\r\n  return &quot;test&quot;;\r\n}\r\n--------------------------------------------\r\n\r\nResults in a WARNING:\r\n\r\nJSC_REFERENCE_BEFORE_DECLARE: Variable referenced before declaration: Foo\r\nat line 1 character 6\r\nalert(Foo());\r\n\r\nExpect: no WARNING.\r\n\r\nI believe it is quite common and correct for forward references to function\r\ndeclaration in the same scope (global or within a function).  I'm finding\r\nthis type of error is producing a lot of noise in the warning stream when\r\ncompiling larger libraries.\n\n[Context/Logs]:\n- FYI\r\n\r\nthis is fixed in the command-line tool. pending integration into the web service.\n- The webservice has been updated. Pleas verify."}
{"project_id": "Closure", "bug_id": "2", "source_type": "google", "confidence": 0.7, "label": "Interface :: API Misuse (CWE-628)", "llm_input_text": "[Title]: Exception thrown from com.google.javascript.jscomp.CollapseProperties.addStubsForUndeclaredProperties\n[Symptom]:\nThe attached javascript file results in a Java exception being thrown when compiling with ADVANCED_OPTIMIZATIONS\r\n\r\n[~/Projects/Music Theory/trunk] # java -jar ./ext/closure-compiler/compiler.jar --js /tmp/musictheory.net/v2/js/core.js --compilation_level \r\nADVANCED_OPTIMIZATIONS\r\njava.lang.RuntimeException: java.lang.IllegalArgumentException\r\n\tat com.google.javascript.jscomp.Compiler.runInCompilerThread(Unknown Source)\r\n\tat com.google.javascript.jscomp.Compiler.compile(Unknown Source)\r\n\tat com.google.javascript.jscomp.Compiler.compile(Unknown Source)\r\n\tat com.google.javascript.jscomp.AbstractCompilerRunner.doRun(Unknown Source)\r\n\tat com.google.javascript.jscomp.AbstractCompilerRunner.run(Unknown Source)\r\n\tat com.google.javascript.jscomp.CompilerRunner.main(Unknown Source)\r\nCaused by: java.lang.IllegalArgumentException\r\n\tat com.google.common.base.Preconditions.checkArgument(Preconditions.java:71)\r\n\tat com.google.javascript.jscomp.CollapseProperties.addStubsForUndeclaredProperties(Unknown Source)\r\n\tat com.google.javascript.jscomp.CollapseProperties.updateObjLitOrFunctionDeclarationAtAssignNode(Unknown Source)\r\n\tat com.google.javascript.jscomp.CollapseProperties.updateObjLitOrFunctionDeclaration(Unknown Source)\r\n\tat com.google.javascript.jscomp.CollapseProperties.collapseDeclarationOfNameAndDescendants(Unknown Source)\r\n\tat com.google.javascript.jscomp.CollapseProperties.collapseDeclarationOfNameAndDescendants(Unknown Source)\r\n\tat com.google.javascript.jscomp.CollapseProperties.collapseDeclarationOfNameAndDescendants(Unknown Source)\r\n\tat com.google.javascript.jscomp.CollapseProperties.collapseDeclarationOfNameAndDescendants(Unknown Source)\r\n\tat com.google.javascript.jscomp.CollapseProperties.process(Unknown Source)\r\n\tat com.google.javascript.jscomp.PhaseOptimizer$PassFactoryDelegate.processInternal(Unknown Source)\r\n\tat com.google.javascript.jscomp.PhaseOptimizer$NamedPass.process(Unknown Source)\r\n\tat com.google.javascript.jscomp.PhaseOptimizer.process(Unknown Source)\r\n\n...[Description Truncated]...\n\n[Context/Logs]:\n- Workaround:\r\n\r\nIf I add:\r\ngoog.exportSymbol(\"muth\", muth);\r\ngoog.exportSymbol(\"muth.core\", muth.core);\r\ngoog.exportSymbol(\"muth.core.dom\", muth.core.dom);\r\ngoog.exportSymbol(\"muth.core.util\", muth.core.util);\r\n\r\nbefore the other exportSymbol calls, it works.\n- Here's a minimal reduction:\r\ngoog.provide(\"a\");a.b = function(){},a.b()\r\n\r\nThe function call after the comma isn't important, just about any valid expression there \r\nwill trigger the bug."}
{"project_id": "Closure", "bug_id": "4", "source_type": "google", "confidence": 0.7, "label": "Interface :: API Misuse (CWE-628)", "llm_input_text": "[Title]: Internal compiler error\n[Symptom]:\nWhat steps will reproduce the problem? \n1. Put the following one line of code into a file foo.js (without the quotes): &quot;function({}) {};&quot;\r\n2. Compile it with &quot;java -jar compiler.jar --js=foo.js&quot;.\r\n\r\n What is the expected output? What do you see instead? \nI get an internal compiler error.  The full output is included below.\r\n\r\n What version of the product are you using? On what operating system? \nI'm running version compiler-20091203 on OS X.  (BTW, how am I supposed to know what \r\nversion I am running?)\r\n\r\n----------\r\nfoo.js:1: ERROR - Parse error. destructuring assignment forbidden\r\nfunction({}) {};\r\n^\r\n\r\n1 error(s), 0 warning(s)\r\njava.lang.RuntimeException: java.lang.RuntimeException: INTERNAL COMPILER ERROR.\r\nPlease report this problem.\r\nOBJECTLIT 1 is not a string node\r\n\tat com.google.javascript.jscomp.Compiler.runInCompilerThread(Unknown Source)\r\n\tat com.google.javascript.jscomp.Compiler.compile(Unknown Source)\r\n\tat com.google.javascript.jscomp.Compiler.compile(Unknown Source)\r\n\tat com.google.javascript.jscomp.AbstractCompilerRunner.doRun(Unknown Source)\r\n\tat com.google.javascript.jscomp.AbstractCompilerRunner.run(Unknown Source)\r\n\tat com.google.javascript.jscomp.CompilerRunner.main(Unknown Source)\r\nCaused by: java.lang.RuntimeException: INTERNAL COMPILER ERROR.\r\nPlease report this problem.\r\nOBJECTLIT 1 is not a string node\r\n\tat com.google.javascript.rhino.Node.getString(Unknown Source)\r\n\tat com.google.javascript.jscomp.CodingConventionAnnotator.visit(Unknown Source)\r\n\tat com.google.javascript.jscomp.NodeTraversal.traverseBranch(Unknown Source)\r\n\tat com.google.javascript.jscomp.NodeTraversal.traverseBranch(Unknown Source)\r\n\tat com.google.javascript.jscomp.NodeTraversal.traverse(Unknown Source)\r\n\tat com.google.javascript.jscomp.NodeTraversal.traverse(Unknown Source)\r\n\tat com.google.javascript.jscomp.CodingConventionAnnotator.process(Unknown \r\nSource)\r\n\tat com.google.javascript.jscomp.Compiler.annotateCodingConvention(Unknown \r\nSource)\r\n\tat co\n...[Description Truncated]...\n\n[Context/Logs]:\n- Fix pending integration"}
{"project_id": "Closure", "bug_id": "11", "source_type": "google", "confidence": 0.7, "label": "Interface :: API Misuse (CWE-628)", "llm_input_text": "[Title]: externs/es3.js missing optional flags for Date.UTC - causes warning in closure library.\n[Symptom]:\nUsing closure library, I see:\r\n\r\nclosure-library/closure/goog/i18n/timezone.js:209: WARNING - Function \r\nDate.UTC: called with 5 argument(s). Function requires at least 7 \r\nargument(s) and no more than 7 argument(s).\r\n  var timeInMs = Date.UTC(date.getUTCFullYear(), date.getUTCMonth(),\r\n                         ^\r\n\r\nMozilla documentation says all arguments but year and month are optional.\r\nAdding @param {number=} for the others should do the trick. I do not know if \r\nthe method would take strings, too.\n\n[Context/Logs]:\n- This issue was closed by revision r98."}
{"project_id": "Closure", "bug_id": "16", "source_type": "google", "confidence": 0.7, "label": "Interface :: API Misuse (CWE-628)", "llm_input_text": "[Title]: Update to Google Maps API V3 Extern\n[Symptom]:\nNew release today:\r\n[URL]\r\n\r\nI'll be on vacation all next week, so don't wait on me for responses.\n\n[Context/Logs]:\n- Just found a change I missed. Use this patch instead.\n- Someone emailed me another change yesterday. In case you've already started the code\r\nreview, the only difference is the google.maps.Map.prototype.mapTypes declaration was\r\nchanged to @type {google.maps.MVCObject}\n- I created the code review at\r\n[URL]\r\nAlan, do you have time to take a look?\n- This issue was closed by revision r124."}
{"project_id": "Closure", "bug_id": "23", "source_type": "google", "confidence": 0.85, "label": "Checking :: Missing Check (CWE-754)", "llm_input_text": "[Title]: --process_closure_primitives can't be set to false\n[Symptom]:\nWhat steps will reproduce the problem? \n1. compile a file with &quot;--process_closure_primitives false&quot;\r\n2. compile a file with &quot;--process_closure_primitives true&quot; (default)\r\n3. result: primitives are processed in both cases.\r\n\r\n What is the expected output? What do you see instead? \nThe file should still have its goog.provide/require tags in place.\r\nInstead they are processed.\r\n\r\n What version of the product are you using? On what operating system? \ncurrent SVN (also tried two of the preceding binary releases with same \r\nresult)\r\n\r\n Please provide any additional information below. \nFlag can't be set to false due to a missing &quot;else&quot; in the command-line \r\nparser.\n\n[Context/Logs]:\n- This issue was closed by revision r152."}
{"project_id": "Closure", "bug_id": "28", "source_type": "google", "confidence": 0.85, "label": "Documentation :: Wrong Comments (CWE-1116)", "llm_input_text": "[Title]: incorrect extern annotation for Option\n[Symptom]:\nWhat steps will reproduce the problem? \n1. var opt = new Option('hello', 1); // or some other nr of params != 4\r\n2. compile\r\n\r\nWhat is the expected output? \r\nNo warning. All parameters in the constructor are optional.\r\n\r\nWhat do you see instead?\r\n&quot;WARNING - Function Option: called with 2 argument(s). Function requires at \r\nleast 4 argument(s) and no more than 4 argument(s).&quot;\r\n\r\n What version of the product are you using? On what operating system? \nWindows Vista. Closure 20100330 release\r\n\r\n Please provide any additional information below. \nsee for example [URL]\r\n\r\n// Fredrik\n\n[Context/Logs]:\n- Patch. this is the new annotation that should be attached to Option in the \r\nexterns/deprecated.js file.\r\n-------------------------------\r\n/**\r\n * @param {string=} opt_text\r\n * @param {string=} opt_value\r\n * @param {boolean=} opt_defaultSelected\r\n * @param {boolean=} opt_selected\r\n * @constructor\r\n * @extends {Element}\r\n */\r\nfunction Option(opt_text, opt_value, opt_defaultSelected, opt_selected) {}\r\n--------------------------------------\n- This issue was closed by revision r178.\n- thanks! don't worry, we got it. it just got batched with some other changes."}
{"project_id": "Csv", "bug_id": "9", "source_type": "jira", "confidence": 0.6, "label": "Algorithm :: Calculation Error (CWE-682)", "llm_input_text": "[Title]: CSVParser.getRecords() returns null rather than empty List at EOF\n[Symptom]:\nThis file is an XML representation of an issue\n"}
{"project_id": "Csv", "bug_id": "12", "source_type": "jira", "confidence": 0.75, "label": "Algorithm :: Calculation Error (CWE-682)", "llm_input_text": "[Title]: Escaped line separators are not supported\n[Symptom]:\nThis file is an XML representation of an issue\n\n[Context/Logs]:\n- What should happen in the case of &lt;escape&gt;CRLF? \nI presume only the CR should be subject to the escape. \nIf an application wants to include CRLF in a field, then the application should generate &lt;escape&gt;CR&lt;escape&gt;LF.\n- The Lexer does currently (r1036896) handle &lt;esc&gt;LF and &lt;esc&gt;CR. \n\n The code currently treats &lt;esc&gt;CRLF as &lt;esc&gt;CR followed by LF. The LF is handled as EOL.\n- ... [Middle Discussions Snipped for Brevity] ...\n- I've asked the ML to to comment on this fix.\n- As discussed on the ML, I'm moving this to 1.x, so we can release 1.0.  &#91;1&#93;  \n\n I've implemented logic that makes sure only record separators, we can handle are used. \n\n  &#91;1&#93;   [URL]"}
{"project_id": "Csv", "bug_id": "13", "source_type": "jira", "confidence": 0.0, "label": "Other", "llm_input_text": "[Title]: CSVFormat isEscaping/isEncapsulating are not public\n[Symptom]:\nThis file is an XML representation of an issue\n\n[Context/Logs]:\n- Likewise there could be a public version of getHeader(). \nIt would need to clone the array."}
{"project_id": "Csv", "bug_id": "17", "source_type": "jira", "confidence": 0.75, "label": "Checking :: Missing Check (CWE-754)", "llm_input_text": "[Title]: CSVRecord does not verify that the length of the header mapping matches the number of values\n[Symptom]:\nThis file is an XML representation of an issue\n\n[Context/Logs]:\n- I'm not sure if CSVRecord's ctor is the right place for checking if the header mapping length is correct. This may lead to a lot of over head because everytime a CSVRecord is created we would have to do something like: \n\n  \n  if (mappings !=  null  &amp;&amp; mapping.size() != values.length) {\n    throw  Exception\n}\n \n  \n\n For very big files, this may be an issue. Would be better to just test this when the first record is created by the parser.\n- So is this a matter of which exception to throw?\n- ... [Middle Discussions Snipped for Brevity] ...\n- Right, each record is independent.\n- Has been fixed by wrapping the ArrayOutOfBoundsException into an IllegalArgumentException."}
{"project_id": "Csv", "bug_id": "19", "source_type": "jira", "confidence": 0.7, "label": "Interface :: API Misuse (CWE-628)", "llm_input_text": "[Title]: Allow the String value for null to be customized for the CSV printer\n[Symptom]:\nThis file is an XML representation of an issue\n\n[Context/Logs]:\n- commit -m \"[CSV-97] Allow the String value for null to be customized for the CSV printer.\" C:/svn/org/apache/commons/trunks-proper/csv/src/main/java/org/apache/commons/csv/CSVPrinter.java C:/svn/org/apache/commons/trunks-proper/csv/src/main/java/org/apache/commons/csv/CSVFormat.java C:/svn/org/apache/commons/trunks-proper/csv/src/test/java/org/apache/commons/csv/CSVPrinterTest.java C:/svn/org/apache/commons/trunks-proper/csv/src/test/java/org/apache/commons/csv/CSVFormatBuilderTest.java C:/svn/org/apache/commons/trunks-proper/csv/src/main/java/org/apache/commons/csv/CSVParser.java\n    Sending        C:/svn/org/apache/commons/trunks-proper/csv/src/main/java/org/apache/commons/csv/CSVFormat.java\n    Sending        C:/svn/org/apache/commons/trunks-proper/csv/src/main/java/org/apache/commons/csv/CSVParser.java\n    Sending        C:/svn/org/apache/commons/trunks-proper/csv/src/main/java/org/apache/commons/csv/CSVPrinter.java\n    Sending        C:/svn/org/apache/commons/trunks-proper/csv/src/test/java/org/apache/commons/csv/CSVFormatBuilderTest.java\n    Sending        C:/svn/org/apache/commons/trunks-proper/csv/src/test/java/org/apache/commons/csv/CSVPrinterTest.java\n    Transmitting file data ...\n    Committed revision 1465768."}
{"project_id": "Csv", "bug_id": "22", "source_type": "jira", "confidence": 0.7, "label": "Algorithm :: Calculation Error (CWE-682)", "llm_input_text": "[Title]: Line number counting is confusing\n[Symptom]:\nThis file is an XML representation of an issue\n\n[Context/Logs]:\n- Resolved by adjusting the EOL count if reader is currently processing a line and has yet to reach EOL. \n\n Renamed the methods and adjusted the single test case that relied on the odd numbering scheme. \n\n URL:  [URL]\nLog: \n  CSV-98    Line number counting is confusing \n\n Modified: \n    commons/proper/csv/trunk/src/main/java/org/apache/commons/csv/CSVLexer.java \n    commons/proper/csv/trunk/src/main/java/org/apache/commons/csv/CSVParser.java \n    commons/proper/csv/trunk/src/main/java/org/apache/commons/csv/ExtendedBufferedReader.java \n    commons/proper/csv/trunk/src/main/java/org/apache/commons/csv/Lexer.java \n    commons/proper/csv/trunk/src/test/java/org/apache/commons/csv/CSVLexer1.java \n    commons/proper/csv/trunk/src/test/java/org/apache/commons/csv/CSVLexer1306663.java \n    commons/proper/csv/trunk/src/test/java/org/apache/commons/csv/CSVLexer1306667.java \n    commons/proper/csv/trunk/src/test/java/org/apache/commons/csv/CSVLexer3.java \n    commons/proper/csv/trunk/src/test/java/org/apache/commons/csv/CSVParserTest.java \n    commons/proper/csv/trunk/src/test/java/org/apache/commons/csv/ExtendedBufferedReaderTest.java"}
{"project_id": "Csv", "bug_id": "24", "source_type": "jira", "confidence": 0.85, "label": "Assignment :: Initialization (CWE-665)", "llm_input_text": "[Title]: CSVFormat.format allways append null\n[Symptom]:\nThis file is an XML representation of an issue\n\n[Context/Logs]:\n- I can see how your example would do that. I'll address it am done with the flu...\n- Thank you for the report. Keep them coming!   \n\n  \n commit -m \"[CSV-106] CSVFormat.format always append null.\" C:/vcs/svn/apache/commons/trunks-proper/csv/src/test/java/org/apache/commons/csv/CSVFormatTest.java C:/vcs/svn/apache/commons/trunks-proper/csv/src/main/java/org/apache/commons/csv/CSVPrinter.java\n    Sending        C:/vcs/svn/apache/commons/trunks-proper/csv/src/main/java/org/apache/commons/csv/CSVPrinter.java\n    Sending        C:/vcs/svn/apache/commons/trunks-proper/csv/src/test/java/org/apache/commons/csv/CSVFormatTest.java\n    Transmitting file data ...\n    Committed revision 1577011."}
{"project_id": "Csv", "bug_id": "26", "source_type": "jira", "confidence": 0.0, "label": "Other", "llm_input_text": "[Title]: CSVFormat.EXCEL.parse should handle byte order marks\n[Symptom]:\nThis file is an XML representation of an issue\n\n[Context/Logs]:\n- Can you attach a sample file and tell us how you created it?\n- I used this url to fetch the content: \n [URL]\n\n which produced the vod.csv file.\n- ... [Middle Discussions Snipped for Brevity] ...\n- I'm OK with no code changes for 1.0 and adding docs, which I just did. See the site xdocs and feel free to move/change.\n- The fix is documented at \n\n  [URL]"}
{"project_id": "Csv", "bug_id": "28", "source_type": "jira", "confidence": 0.75, "label": "Checking :: Missing Check (CWE-754)", "llm_input_text": "[Title]: CSVRecord.toMap() fails if row length shorter than header length\n[Symptom]:\nThis file is an XML representation of an issue\n\n[Context/Logs]:\n- commit -m \"[CSV-111] CSVRecord.toMap() fails if row length shorter than header length.\" C:/vcs/svn/apache/commons/trunks-proper/csv/src/main/java/org/apache/commons/csv/CSVRecord.java C:/vcs/svn/apache/commons/trunks-proper/csv/src/test/java/org/apache/commons/csv/CSVRecordTest.java\n    Sending        C:/vcs/svn/apache/commons/trunks-proper/csv/src/main/java/org/apache/commons/csv/CSVRecord.java\n    Sending        C:/vcs/svn/apache/commons/trunks-proper/csv/src/test/java/org/apache/commons/csv/CSVRecordTest.java\n    Transmitting file data ...\n    Committed revision 1589281."}
{"project_id": "Csv", "bug_id": "29", "source_type": "jira", "confidence": 0.85, "label": "Checking :: Boundary/Buffer (CWE-119)", "llm_input_text": "[Title]: HeaderMap is inconsistent when it is parsed from an input with duplicate columns names\n[Symptom]:\nThis file is an XML representation of an issue\n\n[Context/Logs]:\n- The problem is, that we provide a key based access to the values of a  CSVRecord  using the  get(String)  method. How should that method behave if there are duplicate column names? \n\n Throwing an exception seems reasonable here.\n- I guess handling this would imply too many changes in the API.\n- Fixed in revision 1592371. An IllegalStateException is now thrown when an inconsistent header is parsed from the input."}
{"project_id": "Csv", "bug_id": "30", "source_type": "jira", "confidence": 0.85, "label": "Checking :: Input Validation (CWE-20)", "llm_input_text": "[Title]: CSVFormat constructor should reject a header array with duplicate entries\n[Symptom]:\nThis file is an XML representation of an issue\n\n[Context/Logs]:\n- CSVFormat currently checks the header when validate() is called by the Parser/Printer. I agree, that this is too late and should be done when withHeader is called.\n- Fixed in r1593076"}
{"project_id": "Electron", "bug_id": "1", "source_type": "github", "confidence": 0.8, "label": "Timing :: Resource Lifecycle (CWE-664)", "llm_input_text": "[Title]: Crash when BrowserWindow is garbaged collected\n[Symptom]:\nI'm trying to create a child process in the renderer process and communicate with it throught stdin/stdout.\nI'm able to receive messages, but it crashed automatically when I leave the app without doing anything.\n\nThe dump is attached below, I saw `IdleNotification` and `~Window` there, but I'm not sure what's going on.\n\nThe specific code I'm using is here: [URL]\n\nWhat could it be?\n\n```\nThread 0 Crashed:: CrBrowserMain  Dispatch queue: com.apple.main-thread\n0   libsystem_kernel.dylib            __pthread_kill + 10\n1   libsystem_pthread.dylib           pthread_kill + 92\n2   libsystem_c.dylib                 abort + 125\n3   com.github.AtomFramework          node::MakeCallback(node::Environment*, v8::Handle , v8::Handle , int, v8::Handle *) + 91\n... [Log Snipped] ...\n49  com.github.AtomFramework          AtomMain + 72\n50  libdyld.dylib                     start + 1\n```\n\n[Context/Logs]:\n- This crash happens because your `BrowserWindow` object is garbage collected, in your case you can make your `win` object global to fix it:\n[URL]\n\nI'm keeping this open since it should not crash the whole process.\n- That seems to fixe the crash. Thanks!"}
{"project_id": "Electron", "bug_id": "19", "source_type": "github", "confidence": 0.75, "label": "Function :: Logic Mismatch (CWE-573)", "llm_input_text": "[Title]: beforeunload event not called on subsequent reloads\n[Symptom]:\n* Electron version: 1.6.3\r\n* Operating system: Linux\r\n\r\n### Expected behavior\r\n\r\nWhen registering a `beforeunload` handler which cancels unloading, I would expect the handler to be called for every `BrowserWindow.reload()`.\r\n\r\n### Actual behavior\r\n\r\nOn 1.6.3, the `beforeunload` handler is called for the first `reload` but not on subsequent calls. Even after removing the event handler, `reload` will not reload the window anymore.\r\n\r\n### How to reproduce\r\n\r\n```\njavascript\r\nconst cancelUnload = e => {\r\n   console.log('cancelUnload called')\r\n   e.returnValue = false\r\n}\r\n... [Log Snipped] ...\n\r\nremote.getCurrentWindow().close()   // [6] -> closes window\n```\r\nI would expect `cancelUnload` to be printed to the console four times and the step at `[5]` to actually reload the window. This is works up to Electron 1.6.2.\r\n\r\nOn Electron 1.6.3 `cancelUnload` is not printed at step `[2]` (nor on any subsequent calls to reload). What's more, event after removing the `beforeunload` handler, `reload` does not work anymore: at step `[5]` the window does not reload (but closing the window at `[6]` works).\n\n[Context/Logs]:\n- I've been running into this problem too in v1.6.6.  \r\n\r\nIt looks this was caused by the changes in #8724.  I don't run into the issue with the v1.6.3 code if I revert the changes from   (or even just comment out one [Link: return statement])."}
{"project_id": "Electron", "bug_id": "22", "source_type": "github", "confidence": 0.7, "label": "Timing :: Race Condition (CWE-362)", "llm_input_text": "[Title]: app.makeSingleInstance doesn't work under linux, Electron 1.7.x\n[Symptom]:\n* Electron version: 1.7.x\r\n* Operating system: Linux\r\n\r\nWorks in 1.6.11.\r\n\r\n### Expected behavior\r\n\r\n`app.makeSingleInstance` callback is called when opening an associated file from file manager and application is already opened\r\n\r\n### Actual behavior\r\n\r\n`app.makeSingleInstance` callback is delayed with about 30-60 seconds before being called\r\n\r\n### How to reproduce\r\n\r\nYou could reproduce the problem by downloading [Link: Caret 3.0 .deb] and then following the steps described [Link: here].\r\n\r\nThe issue stops reproducing when releasing the same code with 1.6.11.\n\n[Context/Logs]:\n- We're seeing exactly the same issue here [URL]\n- I've just added a super simple example into git demonstrating the bug...\r\n\r\n```\r\ngit clone [URL]\r\ncd electron-quick-start\r\ngit checkout singleinstance-bug\r\nnpm install\r\nnpm start\r\n```\r\nThen in a new terminal....\r\n```\r\nnpm start\r\n```\n- ... [Middle Discussions Snipped for Brevity] ...\n- @mattridley we're not seeing it with macOS or Windows only linux. Which version of electron did you see it with? Do you see the problem if you try it with the electron-quick-start above? [URL]\n- I saw it with 1.7.5 (reverting back to 1.6.11 fixes the issue). I also have the problem with the quick start (see [URL]"}
{"project_id": "Electron", "bug_id": "26", "source_type": "github", "confidence": 0.75, "label": "Timing :: Race Condition (CWE-362)", "llm_input_text": "[Title]: Inconsistent behaviors in sandbox mode with iframe\n[Symptom]:\n* Electron version: 1.6.7\r\n* Operating system: Windows 10\r\n\r\nAccording to the activation of the sandbox, Iâ€™m facing inconsistent behaviors with a window containing iframes.\r\n\r\n# 1st. issue\r\n### How to reproduce\r\nHave a preload.js (pretty basic)\r\n```\r\nconst _ipcRenderer = require('electron').ipcRenderer;\r\nwindowLocal.ipcRenderer = _ipcRenderer;\r\nconsole.log(â€˜preload file loadedâ€™);\r\n```\r\nA html page with at least one iframe\r\n\r\n### Actual behavior\r\nWhen loading such page, we have the preload file loaded several times :\r\n-\tone for the top window\r\n-\tone for each iframe\r\nWithout the sandbox the preload file is loaded only once whatever the number of iframes.\r\n\r\n### Expected behavior\r\nIt could make sense to load preload file for each iFrame whatever the mode. We are in position to test in the preload if we are in a iframe (window.frameset) and then adapt our code.\r\n\r\n# 2nd issue \r\n### How to reproduce\r\nIn sandbox mode, from the top window and from each iframe I send a specific message to the master using the ipcRenderer.\r\n\r\nI build a response channel and the message from the window id and frame id\r\n```\r\n    let message = `I'm here from Window '${windowId}'`;\r\n    let responseChannel = `child-response-${windowId}`;\r\n    if (window.frameElement) {\r\n        message += ` Frame '${window.frameElement.id}'`;\r\n        responseChannel += `-${window.frameElement.id}`;\r\n    }\r\n```\r\n\r\nI listen the response on this specific response channel\r\n```\r\n    ipcRenderer.on(responseChannel, (...args) => {\r\n        console.log(â€¦args);\r\n    });\r\n```\r\nI send this specific message to master\r\n`    ipcRenderer.send('child-message', responseChannel, message);\r\n`\r\nThe master looks like\r\n```\r\n        ipcMain.on('child-message', (event: Electron.IpcMainEvent, ...args: any[]) => {\r\n            console.log(...args);\r\n            event.sender.send(args[0], 'I got your message !');\r\n        });\r\n```\r\n\r\n### Actual behavior\r\nMaster receives the expected messages\r\n-\tchild-response-xxx, I'm here from Window 'xx\n...[Description Truncated]...\n\n[Context/Logs]:\n- @tarruda \r\nFor this issue, does it miss a test on the frame in \r\nvoid AtomSandboxedRendererClient::DidCreateScriptContext(\r\n    v8::Handle  context, content::RenderFrame* render_frame) {\r\n++  if (!render_frame->IsMainFrame())\r\n++    return;\r\n\r\n\r\nDo not know if we have to test devTools as well ?\r\n  if (!render_frame->IsMainFrame() && !IsDevToolsExtension(render_frame))\r\n    return;"}
{"project_id": "Redis", "bug_id": "1", "source_type": "github", "confidence": 0.7, "label": "Function :: Logic Mismatch (CWE-573)", "llm_input_text": "[Title]: Redis Cluster: implement the ASKING command\n[Symptom]:\n(Please see [URL] for full details, here I'm just summarizing the problem with some cut&paste from that thread).\n\nIf you are familiar with the design you know that the key space is split into 4096 parts. \nEvery part is called an \"hash slot\", and every node has a routing table to map every hash slot with a cluster node. \nThis way if a client sends a query to a node that is not responsible for the keys mentioned in the query, it gets a -MOVED message redirecting it to the right node. However we also have the ability to reconfigure the cluster while it \nis running. So for instance I've hash slot 100 that is assigned to node A. And I want to move it to node B. \n\nThis is accomplished (and redis-trib is already able to do it for you automatically) with the following steps. \n\n1) Node A hash slot 100 is marked as \"Migrating to B\" (using the CLUSTER SETSLOT   MIGRATING   command). \n2) Node B hash slot 100 is marked as \"Importing from A\" (using the \nCLUSTER SETSLOT   IMPORTING   command). \n3) An external client, usually redis-trib, starts using the commands \nCLUSTER GETKEYSINSLOT and the MIGRATE command to atomically move keys from A to B.\n\nWhat is interesting is that while the hash slot is set as \"Migrating  to B\", node A will reply to all the requests about this hash slot of keys that are _still_ present in the hash slot, but if a request is about a key that is in hash slot 100 but is not \nfound inside the key space, it generates a \"-ASK\" error, that is like \"-MOVED\" but means: please only ask this exact query to the specified node, but don't update your table about it. Ask new queries about hash \nslot 100 to me again. \n\nThis way all the new keys about hash slot 100 are created directly in B, but A handles all the queries about keys that are still in A. At the same time redis-trib moves keys from A to B. Eventually all the keys are moved and the hash slot configuration is consolidated to the new one, using other CLUSTER SETSLOT subcommands. \nSo far this is pretty cool. But \n...[Description Truncated]...\n\n[Context/Logs]:\n- This was implemented but implementation still to verify. Taking the issue open for now.\n- Implemented a long time ago but issue was not closed, closing."}
{"project_id": "Redis", "bug_id": "8", "source_type": "github", "confidence": 0.85, "label": "Algorithm :: Calculation Error (CWE-682)", "llm_input_text": "[Title]: zinterstore fails when mixing sets and sorted sets\n[Symptom]:\nI have two sets and a single sorted set and I'm trying to use zinterstore to get the scored intersection of all three.  The operation is failing with my production data but succeeding if I substitute a test sorted set it works in some cases but not all and I'm stumped about why.\n\nTo setup the test, add three entries to set \"one\", four entries to set \"two\" - including a signle entry that exists in set \"one\", and four entries in the sorted set - including that same single entry from set \"one\"\n\n```\nsadd one 100 101 102 103 \nsadd two 100 200 201 202\nzadd three 1 500 1 501 1 502 1 503 1 100\n```\n\nNow if you run\n\n```\nzinterstore to_here 3 one two three WEIGHTS 0 0 1\n```\n\nNothing is found to intersect.\n\nCreate a new sort set \"four\":\n\n```\nzadd four 1 600 1 100 \n\nzinterstore to_here 3 one two four WEIGHTS 0 0 1\n```\n\nThere is an intersection on the entry 100!\n\nMy production data isn't so simple but I'm seeing the same result, some intersections appear to work, at least in part, but others fail completely.\n\nThis happens on redis versions 2.4.13 and the latest 2.6 RC.\n\nJosiah Carlson kindly tested this and found that it behaves correctly in earlier versions of redis:\n\n[Context/Logs]:\n- Fixed in 2.4.14, already available for download. Thanks."}
{"project_id": "Redis", "bug_id": "10", "source_type": "github", "confidence": 0.75, "label": "Checking :: Boundary/Buffer (CWE-119)", "llm_input_text": "[Title]: \"BITOP command 10x speed improvement\" commit causes crash\n[Symptom]:\nBitop-code is exactly what I need, so I've started testing with it. \n\nCurrently that 10x speed up has some special cases that throws \nexception for me again and again. Before that commit \neverything seem to work correctly.\n\n=== REDIS BUG REPORT START: Cut & paste starting from here ===\n[4700] 31 May 16:52:37.235 #     Redis 2.5.9 crashed by signal: 11\n[4700] 31 May 16:52:37.235 #     Failed assertion:   ( :0)\n[4700] 31 May 16:52:37.235 # --- STACK TRACE\n/usr/local/bin/redis-server(logStackTrace+0x75)[ ]\n/usr/local/bin/redis-server(bitopCommand+0x654)[ ]\n/lib64/libpthread.so.0(+ )[ ]\n/usr/local/bin/redis-server(bitopCommand+0x654)[ ]\n/usr/local/bin/redis-server(call+0x5d)[ ]\n/usr/local/bin/redis-server(processCommand+0x375)[ ]\n/usr/local/bin/redis-server(processInputBuffer+0x4f)[ ]\n/usr/local/bin/redis-server(readQueryFromClient+0xa0)[ ]\n/usr/local/bin/redis-server(aeProcessEvents+0x124)[ ]\n/usr/local/bin/redis-server(aeMain+0x2b)[ ]\n/usr/local/bin/redis-server(main+0x2a2)[ ]\n/lib64/libc.so.6(__libc_start_main+0xfd)[ ]\n/usr/local/bin/redis-server[ ]\n[4700] 31 May 16:52:37.236 # --- INFO OUTPUT\n[4700] 31 May 16:52:37.236 # # Server\nredis_version:2.5.9\nredis_git_sha1:473f3090\nredis_git_dirty:1\nos:Linux 2.6.32-220.7.1.el6.x86_64 x86_64\narch_bits:64\nmultiplexing_api:epoll\ngcc_version:4.4.6\nprocess_id:4700\nrun_id: \ntcp_port:6379\nuptime_in_seconds:1367\nuptime_in_days:0\nlru_clock:1726659\n# Clients\n\nconnected_clients:2\nclient_longest_output_list:0\nclient_biggest_input_buf:0\nblocked_clients:0\n# Memory\n\nused_memory:882120\nused_memory_human:861.45K\nused_memory_rss:7729152\nused_memory_peak:1134552\nused_memory_peak_human:1.08M\nused_memory_lua:30720\nmem_fragmentation_ratio:8.76\nmem_allocator:jemalloc-3.0.0\n# Persistence\n\nloading:0\nrdb_changes_since_last_save:383\nrdb_bgsave_in_progress:0\nrdb_last_save_time:1338472083\nrdb_last_bgsave_status:ok\nrdb_last_bgsave_time_sec:0\nrdb_current_bgsave_time_sec:-1\naof_enabled:0\naof_rewrite_in_progress:0\naof_rewrite_scheduled:0\naof_last_rewrite_ti\n...[Description Truncated]...\n\n[Context/Logs]:\n- Thanks, looking into it ASAP. Do you have perhaps a way to simply replicate it? Thanks.\n- flushdb\nset a \"\\x00\\x00\\x00\\x00\\x00\\x00\\x00\\x00\\x00\\x00\\x00\\x00\\x00\\x00\\x00\\x00\\x00\\x00\\x00\\x00\\x00\\x00\\x00\\x00\\x00\\x00\\x00\\x00\\x00\\x00\\x00\\x00\"\nbitop or x a b\n- Awesome, I can reproduce it, so it will be trivial to fix ASAP. Thanks.\n- Fixed, thanks!"}
{"project_id": "Redis", "bug_id": "28", "source_type": "github", "confidence": 0.8, "label": "Function :: Logic Mismatch (CWE-573)", "llm_input_text": "[Title]: Lua script multi-element LPUSH / BRPOPLPUSH replication bug\n[Symptom]:\nI noticed a replication bug while attempting to use Redis as a reliable queue with a Lua script pushing multiple elements onto the queue. It appears the wrong number of RPOP operations are sent to the slave instance, resulting in the queue on the slave growing unbounded, out of sync with master.\n\nI created an example repo to demonstrate this behavior:\n\n[URL]\n\nThis affects Redis 2.5.12 (and 2.5.11, likely early versions as well).\n\n[Context/Logs]:\n- Thank you for reporting, I'll fix it in the next days and report back.\n- @antirez any updates?\n- Hello, this issue is finally fixed in the unstable and 2.6 branch. An almost complete reimplementation of blocking operations was required in order to fix this issue, the details are documented in the commit message. Thanks for reporting! Closing."}
{"project_id": "Redis", "bug_id": "30", "source_type": "github", "confidence": 0.85, "label": "Checking :: Missing Check (CWE-754)", "llm_input_text": "[Title]: Redis 3.2.3 crashed by signal: 11\n[Symptom]:\nWe have a big redis node in a cluster, and we're resharding it to other nodes. While doing that, we encountered many times the error reported below, which forced us to manually kill the instance using kill -9 and reload it.\r\n\r\nIn normal operation the node has been working for months without any problems. The only special thing about it is that there are some very big keys to migrate; for those usually we expected a timeout in the migration, but previously we didn't have this error which forces us to restart the node.\r\n\r\nresharding log:\r\nMoving slot 7929 from  :  to  : : .................$\r\nMoving slot 7930 from  :  to  : : .................$\r\nMoving slot 7931 from  :  to  : : .................$\r\nMoving slot 7932 from  :  to  : : .................$\r\n[ERR] Calling MIGRATE: Connection timed out\r\n\r\nredis log:\r\n\r\n```\n=== REDIS BUG REPORT START: Cut & paste starting from here ===\r\n29395:M 31 Jan 22:16:03.248 # Redis 3.2.3 crashed by signal: 11\r\n29395:M 31 Jan 22:16:03.248 # Crashed running the instuction at:  \r\n29395:M 31 Jan 22:16:03.248 # Accessing address: (nil)\r\n29395:M 31 Jan 22:16:03.248 # Failed assertion:   ( :0)\r\n... [Log Snipped] ...\n*** Preparing to test memory region 7ffec3a02000 (8192 bytes)\r\n*** Preparing to test memory region 7ffec3a06000 (4096 bytes)\n```\n\n[Context/Logs]:\n- Hello, are you still able to reproduce the problem in your environment? That would be very useful. Thanks!\n- Hi Salvatore\r\n\r\nWe stopped resharding the data because this happened quite a few times, but we didn't change anything since then so I'm pretty sure it would happen again if we tried. Did you publish anything new in the meantime? We could restart the sharding, but as it takes a few hours to reload this too big instance when it crashes, I'd rather not do it just to see if it will crash again...\r\n\r\nLet me know if you want any additional details.\n- ... [Middle Discussions Snipped for Brevity] ...\n- UPDATE: disassembling the `redis-server` executable it is quite clear that the problem is that the `port` parameter of the function is NULL. Should be easy to understand why, so I'm going to figure out when this happens.\n- Hello again @danmaz74 and @damaru00. I just tracked the bug cause and I'm preparing a fix. It looks like that regardless of the bug, that crashed the server, the migration is not going to work anyway because of a connection error happening while the big key is being migrated, but we can investigate this later as a second step after you upgrade the instance to a version that no longer crashes :-)"}
